2024-05-06 07:08:52,856 [Worker-2: Loading available Gradle versions] INFO  o.e.b.c.i.u.g.PublishedGradleVersions - Gradle version information cache is out-of-date. Trying to update.
2024-05-06 07:09:00,675 [Worker-6: Updating Maven Dependencies] INFO  o.e.m.c.i.l.LifecycleMappingFactory - Using org.eclipse.m2e.jdt.JarLifecycleMapping lifecycle mapping for MavenProject: MavenProjects:MavenProject:0.0.1-SNAPSHOT @ D:\Maven\MavenProject\pom.xml.
2024-05-06 07:09:06,589 [Worker-6: Updating Maven Dependencies] INFO  o.e.m.c.i.l.LifecycleMappingFactory - Using org.eclipse.m2e.jdt.JarLifecycleMapping lifecycle mapping for MavenProject: maven1:project1:0.0.1-SNAPSHOT @ C:\Users\AMIT AGARWAL\eclipse-workspace\project1\pom.xml.
2024-05-06 07:09:08,462 [Worker-7: Building] INFO  o.e.m.c.i.embedder.EclipseLogger - Using 'UTF-8' encoding to copy filtered resources.
2024-05-06 07:09:08,463 [Worker-7: Building] INFO  o.e.m.c.i.embedder.EclipseLogger - skip non existing resourceDirectory D:\Maven\MavenProject\src\main\resources
2024-05-06 07:09:08,472 [Worker-7: Building] INFO  o.e.m.c.i.embedder.EclipseLogger - Using 'UTF-8' encoding to copy filtered resources.
2024-05-06 07:09:08,472 [Worker-7: Building] INFO  o.e.m.c.i.embedder.EclipseLogger - skip non existing resourceDirectory D:\Maven\MavenProject\src\test\resources
2024-05-06 07:09:10,149 [Worker-7: Building] INFO  o.e.m.c.i.embedder.EclipseLogger - Using 'UTF-8' encoding to copy filtered resources.
2024-05-06 07:09:10,151 [Worker-7: Building] INFO  o.e.m.c.i.embedder.EclipseLogger - skip non existing resourceDirectory C:\Users\AMIT AGARWAL\eclipse-workspace\project1\src\main\resources
2024-05-06 07:09:10,155 [Worker-7: Building] INFO  o.e.m.c.i.embedder.EclipseLogger - Using 'UTF-8' encoding to copy filtered resources.
2024-05-06 07:09:10,155 [Worker-7: Building] INFO  o.e.m.c.i.embedder.EclipseLogger - skip non existing resourceDirectory C:\Users\AMIT AGARWAL\eclipse-workspace\project1\src\test\resources
2024-05-06 08:11:51,267 [Worker-25: Building] INFO  o.e.m.c.i.embedder.EclipseLogger - Using 'UTF-8' encoding to copy filtered resources.
2024-05-06 08:11:51,267 [Worker-25: Building] INFO  o.e.m.c.i.embedder.EclipseLogger - skip non existing resourceDirectory D:\Maven\MavenProject\src\main\resources
2024-05-06 08:11:51,270 [Worker-25: Building] INFO  o.e.m.c.i.embedder.EclipseLogger - Using 'UTF-8' encoding to copy filtered resources.
2024-05-06 08:11:51,271 [Worker-25: Building] INFO  o.e.m.c.i.embedder.EclipseLogger - skip non existing resourceDirectory D:\Maven\MavenProject\src\test\resources
2024-05-06 08:20:25,228 [Worker-27: Building] INFO  o.e.m.c.i.embedder.EclipseLogger - Using 'UTF-8' encoding to copy filtered resources.
2024-05-06 08:20:25,229 [Worker-27: Building] INFO  o.e.m.c.i.embedder.EclipseLogger - skip non existing resourceDirectory D:\Maven\MavenProject\src\main\resources
2024-05-06 08:20:25,231 [Worker-27: Building] INFO  o.e.m.c.i.embedder.EclipseLogger - Using 'UTF-8' encoding to copy filtered resources.
2024-05-06 08:20:25,231 [Worker-27: Building] INFO  o.e.m.c.i.embedder.EclipseLogger - skip non existing resourceDirectory D:\Maven\MavenProject\src\test\resources
2024-05-06 20:58:07,256 [Worker-3: Loading available Gradle versions] INFO  o.e.b.c.i.u.g.PublishedGradleVersions - Gradle version information cache is up-to-date. Trying to read.
2024-05-06 22:01:49,079 [Worker-28: Launching TestCase2] INFO  o.e.m.c.i.embedder.EclipseLogger - Using 'UTF-8' encoding to copy filtered resources.
2024-05-06 22:01:49,134 [Worker-28: Launching TestCase2] INFO  o.e.m.c.i.embedder.EclipseLogger - skip non existing resourceDirectory D:\Maven\MavenProject\src\main\resources
2024-05-06 22:01:49,137 [Worker-28: Launching TestCase2] INFO  o.e.m.c.i.embedder.EclipseLogger - Using 'UTF-8' encoding to copy filtered resources.
2024-05-06 22:01:49,137 [Worker-28: Launching TestCase2] INFO  o.e.m.c.i.embedder.EclipseLogger - skip non existing resourceDirectory D:\Maven\MavenProject\src\test\resources
2024-05-07 07:15:20,764 [Worker-1: Loading available Gradle versions] INFO  o.e.b.c.i.u.g.PublishedGradleVersions - Gradle version information cache is out-of-date. Trying to update.
2024-05-08 07:16:52,194 [Worker-1: Loading available Gradle versions] INFO  o.e.b.c.i.u.g.PublishedGradleVersions - Gradle version information cache is out-of-date. Trying to update.
2024-05-08 08:21:59,479 [Worker-4: Loading available Gradle versions] INFO  o.e.b.c.i.u.g.PublishedGradleVersions - Gradle version information cache is up-to-date. Trying to read.
2024-05-08 22:08:09,922 [Worker-4: Loading available Gradle versions] INFO  o.e.b.c.i.u.g.PublishedGradleVersions - Gradle version information cache is up-to-date. Trying to read.
2024-05-08 22:08:41,198 [Worker-2: Building] INFO  o.e.m.c.i.embedder.EclipseLogger - Using 'UTF-8' encoding to copy filtered resources.
2024-05-08 22:08:41,200 [Worker-2: Building] INFO  o.e.m.c.i.embedder.EclipseLogger - skip non existing resourceDirectory D:\Maven\MavenProject\src\main\resources
2024-05-08 22:08:41,202 [Worker-2: Building] INFO  o.e.m.c.i.embedder.EclipseLogger - Using 'UTF-8' encoding to copy filtered resources.
2024-05-08 22:08:41,203 [Worker-2: Building] INFO  o.e.m.c.i.embedder.EclipseLogger - skip non existing resourceDirectory D:\Maven\MavenProject\src\test\resources
2024-05-08 22:08:44,179 [Worker-2: Building] INFO  o.e.m.c.i.embedder.EclipseLogger - Using 'UTF-8' encoding to copy filtered resources.
2024-05-08 22:08:44,179 [Worker-2: Building] INFO  o.e.m.c.i.embedder.EclipseLogger - skip non existing resourceDirectory C:\Users\AMIT AGARWAL\eclipse-workspace\project1\src\main\resources
2024-05-08 22:08:44,182 [Worker-2: Building] INFO  o.e.m.c.i.embedder.EclipseLogger - Using 'UTF-8' encoding to copy filtered resources.
2024-05-08 22:08:44,182 [Worker-2: Building] INFO  o.e.m.c.i.embedder.EclipseLogger - skip non existing resourceDirectory C:\Users\AMIT AGARWAL\eclipse-workspace\project1\src\test\resources
2024-05-09 07:10:37,341 [Worker-3: Loading available Gradle versions] INFO  o.e.b.c.i.u.g.PublishedGradleVersions - Gradle version information cache is up-to-date. Trying to read.
2024-05-09 08:06:07,056 [Worker-31: Building] INFO  o.e.m.c.i.embedder.EclipseLogger - Using 'UTF-8' encoding to copy filtered resources.
2024-05-09 08:06:07,130 [Worker-31: Building] INFO  o.e.m.c.i.embedder.EclipseLogger - skip non existing resourceDirectory D:\Maven\MavenProject\src\main\resources
2024-05-09 08:06:07,134 [Worker-31: Building] INFO  o.e.m.c.i.embedder.EclipseLogger - Using 'UTF-8' encoding to copy filtered resources.
2024-05-09 08:06:07,134 [Worker-31: Building] INFO  o.e.m.c.i.embedder.EclipseLogger - skip non existing resourceDirectory D:\Maven\MavenProject\src\test\resources
2024-05-09 08:19:10,755 [Worker-36: Building] INFO  o.e.m.c.i.embedder.EclipseLogger - Using 'UTF-8' encoding to copy filtered resources.
2024-05-09 08:19:10,755 [Worker-36: Building] INFO  o.e.m.c.i.embedder.EclipseLogger - skip non existing resourceDirectory D:\Maven\MavenProject\src\main\resources
2024-05-09 08:19:10,758 [Worker-36: Building] INFO  o.e.m.c.i.embedder.EclipseLogger - Using 'UTF-8' encoding to copy filtered resources.
2024-05-09 08:19:10,758 [Worker-36: Building] INFO  o.e.m.c.i.embedder.EclipseLogger - skip non existing resourceDirectory D:\Maven\MavenProject\src\test\resources
2024-05-09 08:21:00,095 [Worker-38: Building] INFO  o.e.m.c.i.embedder.EclipseLogger - Using 'UTF-8' encoding to copy filtered resources.
2024-05-09 08:21:00,095 [Worker-38: Building] INFO  o.e.m.c.i.embedder.EclipseLogger - skip non existing resourceDirectory D:\Maven\MavenProject\src\main\resources
2024-05-09 08:21:00,098 [Worker-38: Building] INFO  o.e.m.c.i.embedder.EclipseLogger - Using 'UTF-8' encoding to copy filtered resources.
2024-05-09 08:21:00,098 [Worker-38: Building] INFO  o.e.m.c.i.embedder.EclipseLogger - skip non existing resourceDirectory D:\Maven\MavenProject\src\test\resources
2024-05-09 12:48:02,937 [Worker-4: Loading available Gradle versions] INFO  o.e.b.c.i.u.g.PublishedGradleVersions - Gradle version information cache is out-of-date. Trying to update.
2024-05-09 12:51:48,376 [Worker-21: Launching Case1_Annotation] INFO  o.e.m.c.i.embedder.EclipseLogger - Using 'UTF-8' encoding to copy filtered resources.
2024-05-09 12:51:48,377 [Worker-21: Launching Case1_Annotation] INFO  o.e.m.c.i.embedder.EclipseLogger - skip non existing resourceDirectory D:\Maven\MavenProject\src\main\resources
2024-05-09 12:51:48,379 [Worker-21: Launching Case1_Annotation] INFO  o.e.m.c.i.embedder.EclipseLogger - Using 'UTF-8' encoding to copy filtered resources.
2024-05-09 12:51:48,379 [Worker-21: Launching Case1_Annotation] INFO  o.e.m.c.i.embedder.EclipseLogger - skip non existing resourceDirectory D:\Maven\MavenProject\src\test\resources
